<?xml version="1.0" encoding="UTF-8"?>
<!-- Generated by org.testng.reporters.JUnitXMLReporter -->
<testsuite ignored="0" hostname="DESKTOP-02MQAS7" failures="4" tests="4" name="Test" time="46.087" errors="0" timestamp="16 Feb 2022 19:52:42 GMT">
  <testcase classname="test.ReceipeScrappingOne" name="Healthy" time="5.66">
    <failure type="java.io.FileNotFoundException" message=".\RecipeData\RecipeData.xlsx (The process cannot access the file because it is being used by another process)">
      <![CDATA[java.io.FileNotFoundException: .\RecipeData\RecipeData.xlsx (The process cannot access the file because it is being used by another process)
at java.base/java.io.FileOutputStream.open0(Native Method)
at java.base/java.io.FileOutputStream.open(FileOutputStream.java:293)
at java.base/java.io.FileOutputStream.<init>(FileOutputStream.java:235)
at java.base/java.io.FileOutputStream.<init>(FileOutputStream.java:123)
at utils.ExcelUtils.setCellData(ExcelUtils.java:67)
at test.ReceipeScrappingOne.Healthy(ReceipeScrappingOne.java:39)
... Removed 25 stack frames]]>
    </failure>
  </testcase> <!-- Healthy -->
  <testcase classname="test.SouthIndianTest" name="recipeScrappingSouthIndian" time="12.927">
    <failure type="java.io.FileNotFoundException" message=".\RecipeData\RecipeData.xlsx (The process cannot access the file because it is being used by another process)">
      <![CDATA[java.io.FileNotFoundException: .\RecipeData\RecipeData.xlsx (The process cannot access the file because it is being used by another process)
at java.base/java.io.FileOutputStream.open0(Native Method)
at java.base/java.io.FileOutputStream.open(FileOutputStream.java:293)
at java.base/java.io.FileOutputStream.<init>(FileOutputStream.java:235)
at java.base/java.io.FileOutputStream.<init>(FileOutputStream.java:123)
at utils.ExcelUtils.setCellData(ExcelUtils.java:67)
at test.SouthIndianTest.recipeScrappingSouthIndian(SouthIndianTest.java:50)
... Removed 25 stack frames]]>
    </failure>
  </testcase> <!-- recipeScrappingSouthIndian -->
  <testcase classname="test.ToddlerTest" name="recipeScrappingToddler" time="14.795">
    <failure type="java.io.FileNotFoundException" message=".\RecipeData\RecipeData.xlsx (The process cannot access the file because it is being used by another process)">
      <![CDATA[java.io.FileNotFoundException: .\RecipeData\RecipeData.xlsx (The process cannot access the file because it is being used by another process)
at java.base/java.io.FileOutputStream.open0(Native Method)
at java.base/java.io.FileOutputStream.open(FileOutputStream.java:293)
at java.base/java.io.FileOutputStream.<init>(FileOutputStream.java:235)
at java.base/java.io.FileOutputStream.<init>(FileOutputStream.java:123)
at utils.ExcelUtils.setCellData(ExcelUtils.java:67)
at test.ToddlerTest.recipeScrappingToddler(ToddlerTest.java:54)
... Removed 25 stack frames]]>
    </failure>
  </testcase> <!-- recipeScrappingToddler -->
  <testcase classname="test.Diabetictest" name="recipeScrappingDiabetic" time="12.575">
    <failure type="java.io.FileNotFoundException" message=".\RecipeData\RecipeData.xlsx (The process cannot access the file because it is being used by another process)">
      <![CDATA[java.io.FileNotFoundException: .\RecipeData\RecipeData.xlsx (The process cannot access the file because it is being used by another process)
at java.base/java.io.FileOutputStream.open0(Native Method)
at java.base/java.io.FileOutputStream.open(FileOutputStream.java:293)
at java.base/java.io.FileOutputStream.<init>(FileOutputStream.java:235)
at java.base/java.io.FileOutputStream.<init>(FileOutputStream.java:123)
at utils.ExcelUtils.setCellData(ExcelUtils.java:67)
at test.Diabetictest.recipeScrappingDiabetic(Diabetictest.java:48)
... Removed 25 stack frames]]>
    </failure>
  </testcase> <!-- recipeScrappingDiabetic -->
</testsuite> <!-- Test -->
